2023-07-25 15:40:40.210 - DBeaver 23.1.3.202307231901 is starting
2023-07-25 15:40:40.211 - OS: Windows 10 10.0 (amd64)
2023-07-25 15:40:40.212 - Java version: 17.0.6 by Eclipse Adoptium (64bit)
2023-07-25 15:40:40.212 - Install path: 'C:\Users\jmartinezsusanaga\AppData\Local\DBeaver'
2023-07-25 15:40:40.212 - Instance path: 'file:/C:/Users/jmartinezsusanaga/AppData/Roaming/DBeaverData/workspace6/'
2023-07-25 15:40:40.212 - Memory available 128Mb/1024Mb
2023-07-25 15:40:40.215 - Create display
2023-07-25 15:40:40.320 - Initializing DBeaver 23.1.3
2023-07-25 15:40:40.321 - Host plugin: org.jkiss.dbeaver.ui.app.standalone 23.1.3.202307231901
2023-07-25 15:40:40.321 - Initialize desktop platform...
2023-07-25 15:40:40.433 - BounceCastle bundle found. Use JCE provider BC
> Start Core File Systems [org.eclipse.core.filesystem 1.10.0.v20230425-0513]
> Start Core Resource Management [org.eclipse.core.resources 3.19.0.v20230510-1240]
> Start Team Support Core [org.eclipse.team.core 3.10.0.v20230317-0901]
> Start DBeaver UI Navigator [org.jkiss.dbeaver.ui.navigator 1.0.110.202307231901]
2023-07-25 15:40:40.580 - 
2023-07-25 15:40:40.580 - 	Refreshing workspace.
2023-07-25 15:40:40.580 - Refreshing workspace contents
2023-07-25 15:40:40.689 - Initialize base platform...
2023-07-25 15:40:40.707 - Platform initialized (386ms)
> Start DBeaver UI Editors - Base [org.jkiss.dbeaver.ui.editors.base 1.0.110.202307231901]
2023-07-25 15:40:40.740 - Starting instance server at http://localhost:55263
2023-07-25 15:40:40.745 - Run workbench
> Start DBeaver UI [org.jkiss.dbeaver.ui 5.1.125.202307231901]
> Start Eclipse e4 Workbench SWT [org.eclipse.e4.ui.workbench.swt 0.17.0.v20230501-1823]
> Start Eclipse Application Services [org.eclipse.e4.core.services 2.4.0.v20230429-1914]
> Start Eclipse UI Application Services [org.eclipse.e4.ui.services 1.6.0.v20230501-1823]
> Start Eclipse e4 Progress View [org.eclipse.e4.ui.progress 0.4.0.v20230501-1823]
> Start Eclipse Bindings Support [org.eclipse.e4.ui.bindings 0.14.0.v20230501-1823]
> Start Eclipse e4 core commands [org.eclipse.e4.core.commands 1.1.0.v20230501-1823]
> Start EMF XML/XMI Persistence [org.eclipse.emf.ecore.xmi 2.18.0.v20230211-1150]
> Start Eclipse CSS SWT Theme Support [org.eclipse.e4.ui.css.swt.theme 0.14.0.v20230501-1533]
> Start Eclipse e4 Workbench Add-ons [org.eclipse.e4.ui.workbench.addons.swt 1.5.0.v20230501-1823]
> Start Eclipse e4 Workbench SWT Renderer [org.eclipse.e4.ui.workbench.renderers.swt 0.16.0.v20230525-0648]
> Start Eclipse Dependency Injection Extensions [org.eclipse.e4.core.di.extensions 0.18.0.v20230429-1914]
> Start Eclipse CSS SWT Support [org.eclipse.e4.ui.css.swt 0.15.0.v20230317-0802]
> Start jna [com.sun.jna 5.13.0]
> Start Eclipse SDK Themes [org.eclipse.ui.themes 1.2.2200.v20230220-0932]
2023-07-25 15:40:41.859 - Configure workbench window
> Start DBeaver SQL Model [org.jkiss.dbeaver.model.sql 1.0.100.202307231901]
2023-07-25 15:40:41.964 - Total database drivers: 106 (106)
> Start Help System Core [org.eclipse.help 3.10.0.v20230317-0802]
2023-07-25 15:40:42.045 - Create actions
2023-07-25 15:40:42.053 - Disable Eclipse action set 'org.eclipse.ui.edit.text.actionSet.annotationNavigation'
2023-07-25 15:40:42.053 - Disable Eclipse action set 'org.eclipse.ui.WorkingSetActionSet'
2023-07-25 15:40:42.054 - Disable Eclipse action set 'org.eclipse.ui.actionSet.openFiles'
2023-07-25 15:40:42.816 - Initialize workbench window
2023-07-25 15:40:42.816 - Finish initialization
> Start DBeaver UI Editors - Data [org.jkiss.dbeaver.ui.editors.data 1.0.110.202307231901]
> Start Equinox Java Authentication and Authorization Service (JAAS) [org.eclipse.equinox.security 1.3.1000.v20220801-1135]
> Start Internet Connection Management UI [org.eclipse.ui.net 1.5.0.v20230317-0901]
> Start Internet Connection Management [org.eclipse.core.net 1.5.0.v20230317-0901]
> Start GEF Classic Draw2d [org.eclipse.draw2d 3.13.0.202306071707]
> Start GEF Classic GEF (MVC) [org.eclipse.gef 3.14.0.202306071707]
> Start DBeaver ERD UI [org.jkiss.dbeaver.erd.ui 3.0.70.202307231901]
> Start DBeaver ERD Model [org.jkiss.dbeaver.erd.model 1.0.70.202307231901]
Warning: NLS missing message: sql_editor_not_avaliable in: org.jkiss.dbeaver.ui.editors.sql.internal.SQLEditorMessages
> Start DBeaver UI Editors - SQL [org.jkiss.dbeaver.ui.editors.sql 1.0.110.202307231901]
> Start Default Text Editor [org.eclipse.ui.editors 3.16.0.v20230329-1609]
> Start Text Editor Framework [org.eclipse.ui.workbench.texteditor 3.17.0.v20230316-1200]
> Start DBeaver Sample Database [org.jkiss.dbeaver.ext.sample.database 1.0.147.202307231901]
> Start DBeaver Tip of the day [org.jkiss.dbeaver.ext.ui.tipoftheday 1.0.116.202307231901]
2023-07-25 15:40:45.973 - Open [https://dbeaver.io/product/version.xml]
> Start DBeaver UI Editors - Connections [org.jkiss.dbeaver.ui.editors.connection 1.0.101.202307231901]
> Start Bundle-Name [org.jkiss.dbeaver.model.jdbc 1.0.3.202307231901]
> Start DBeaver Generic Plug-in [org.jkiss.dbeaver.ext.generic 2.3.196.202307231901]
> Start DBeaver MySQL UI Support [org.jkiss.dbeaver.ext.mysql.ui 1.0.102.202307231901]
> Start DBeaver MySQL Support [org.jkiss.dbeaver.ext.mysql 2.1.195.202307231901]
2023-07-25 16:30:40.806 - Service 'org.jkiss.dbeaver.runtime.ui.UIServiceSecurity' not found
2023-07-25 16:31:09.144 - Error reading MySQL server version from C:\Program Files\MySQL\MySQL Router 8.0\bin\mysql.exe
java.io.IOException: Cannot run program "C:\Program Files\MySQL\MySQL Router 8.0\bin\mysql.exe": CreateProcess error=2, Le fichier spécifié est introuvable
	at java.base/java.lang.ProcessBuilder.start(Unknown Source)
	at java.base/java.lang.ProcessBuilder.start(Unknown Source)
	at java.base/java.lang.Runtime.exec(Unknown Source)
	at java.base/java.lang.Runtime.exec(Unknown Source)
	at org.jkiss.dbeaver.ext.mysql.MySQLDataSourceProvider.getFullServerVersion(MySQLDataSourceProvider.java:298)
	at org.jkiss.dbeaver.ext.mysql.MySQLDataSourceProvider.getProductVersion(MySQLDataSourceProvider.java:178)
	at org.jkiss.dbeaver.ui.dialogs.connection.ClientHomesPanel.selectHome(ClientHomesPanel.java:204)
	at org.jkiss.dbeaver.ui.dialogs.connection.ClientHomesPanel.loadHomes(ClientHomesPanel.java:244)
	at org.jkiss.dbeaver.ui.dialogs.driver.DriverEditDialog$14.widgetSelected(DriverEditDialog.java:682)
	at org.eclipse.swt.widgets.TypedListener.handleEvent(TypedListener.java:252)
	at org.eclipse.swt.widgets.EventTable.sendEvent(EventTable.java:89)
	at org.eclipse.swt.widgets.Display.sendEvent(Display.java:4274)
	at org.eclipse.swt.widgets.Widget.sendEvent(Widget.java:1066)
	at org.eclipse.swt.widgets.Widget.sendEvent(Widget.java:1090)
	at org.eclipse.swt.widgets.Widget.sendEvent(Widget.java:1075)
	at org.eclipse.swt.widgets.Widget.notifyListeners(Widget.java:778)
	at org.eclipse.swt.custom.CTabFolder.setSelection(CTabFolder.java:3253)
	at org.eclipse.swt.custom.CTabFolder.onMouse(CTabFolder.java:1892)
	at org.eclipse.swt.custom.CTabFolder.lambda$0(CTabFolder.java:332)
	at org.eclipse.swt.widgets.EventTable.sendEvent(EventTable.java:89)
	at org.eclipse.swt.widgets.Display.sendEvent(Display.java:4274)
	at org.eclipse.swt.widgets.Widget.sendEvent(Widget.java:1066)
	at org.eclipse.swt.widgets.Display.runDeferredEvents(Display.java:4072)
	at org.eclipse.swt.widgets.Display.readAndDispatch(Display.java:3660)
	at org.eclipse.jface.window.Window.runEventLoop(Window.java:823)
	at org.eclipse.jface.window.Window.open(Window.java:799)
	at org.jkiss.dbeaver.ui.dialogs.driver.DriverEditDialog.open(DriverEditDialog.java:167)
	at org.jkiss.dbeaver.ui.dialogs.connection.ConnectionPageSettings.openDriverEditor(ConnectionPageSettings.java:350)
	at org.jkiss.dbeaver.ui.dialogs.connection.ConnectionPageAbstract$2.widgetSelected(ConnectionPageAbstract.java:233)
	at org.eclipse.swt.widgets.TypedListener.handleEvent(TypedListener.java:252)
	at org.eclipse.swt.widgets.EventTable.sendEvent(EventTable.java:89)
	at org.eclipse.swt.widgets.Display.sendEvent(Display.java:4274)
	at org.eclipse.swt.widgets.Widget.sendEvent(Widget.java:1066)
	at org.eclipse.swt.widgets.Display.runDeferredEvents(Display.java:4072)
	at org.eclipse.swt.widgets.Display.readAndDispatch(Display.java:3660)
	at org.eclipse.jface.window.Window.runEventLoop(Window.java:823)
	at org.eclipse.jface.window.Window.open(Window.java:799)
	at org.jkiss.dbeaver.ui.dialogs.connection.NewConnectionDialog.open(NewConnectionDialog.java:105)
	at org.jkiss.dbeaver.ui.dialogs.connection.NewConnectionDialog.openNewConnectionDialog(NewConnectionDialog.java:140)
	at org.jkiss.dbeaver.ui.dialogs.connection.NewConnectionDialog.openNewConnectionDialog(NewConnectionDialog.java:121)
	at org.jkiss.dbeaver.ui.dialogs.connection.NewConnectionDialog.openNewConnectionDialog(NewConnectionDialog.java:113)
	at org.jkiss.dbeaver.ui.actions.datasource.DataSourceCreateHandler.execute(DataSourceCreateHandler.java:32)
	at org.eclipse.ui.internal.handlers.HandlerProxy.execute(HandlerProxy.java:283)
	at org.eclipse.ui.internal.handlers.E4HandlerProxy.execute(E4HandlerProxy.java:97)
	at java.base/jdk.internal.reflect.NativeMethodAccessorImpl.invoke0(Native Method)
	at java.base/jdk.internal.reflect.NativeMethodAccessorImpl.invoke(Unknown Source)
	at java.base/jdk.internal.reflect.DelegatingMethodAccessorImpl.invoke(Unknown Source)
	at java.base/java.lang.reflect.Method.invoke(Unknown Source)
	at org.eclipse.e4.core.internal.di.MethodRequestor.execute(MethodRequestor.java:58)
	at org.eclipse.e4.core.internal.di.InjectorImpl.invokeUsingClass(InjectorImpl.java:309)
	at org.eclipse.e4.core.internal.di.InjectorImpl.invoke(InjectorImpl.java:243)
	at org.eclipse.e4.core.contexts.ContextInjectionFactory.invoke(ContextInjectionFactory.java:173)
	at org.eclipse.e4.core.commands.internal.HandlerServiceHandler.execute(HandlerServiceHandler.java:156)
	at org.eclipse.core.commands.Command.executeWithChecks(Command.java:488)
	at org.eclipse.core.commands.ParameterizedCommand.executeWithChecks(ParameterizedCommand.java:485)
	at org.eclipse.e4.core.commands.internal.HandlerServiceImpl.executeHandler(HandlerServiceImpl.java:213)
	at org.eclipse.e4.ui.workbench.renderers.swt.HandledContributionItem.executeItem(HandledContributionItem.java:438)
	at org.eclipse.e4.ui.workbench.renderers.swt.AbstractContributionItem.handleWidgetSelection(AbstractContributionItem.java:449)
	at org.eclipse.e4.ui.workbench.renderers.swt.AbstractContributionItem.lambda$2(AbstractContributionItem.java:475)
	at org.eclipse.swt.widgets.EventTable.sendEvent(EventTable.java:89)
	at org.eclipse.swt.widgets.Display.sendEvent(Display.java:4274)
	at org.eclipse.swt.widgets.Widget.sendEvent(Widget.java:1066)
	at org.eclipse.swt.widgets.Display.runDeferredEvents(Display.java:4072)
	at org.eclipse.swt.widgets.Display.readAndDispatch(Display.java:3660)
	at org.eclipse.e4.ui.internal.workbench.swt.PartRenderingEngine$5.run(PartRenderingEngine.java:1155)
	at org.eclipse.core.databinding.observable.Realm.runWithDefault(Realm.java:338)
	at org.eclipse.e4.ui.internal.workbench.swt.PartRenderingEngine.run(PartRenderingEngine.java:1046)
	at org.eclipse.e4.ui.internal.workbench.E4Workbench.createAndRunUI(E4Workbench.java:155)
	at org.eclipse.ui.internal.Workbench.lambda$3(Workbench.java:643)
	at org.eclipse.core.databinding.observable.Realm.runWithDefault(Realm.java:338)
	at org.eclipse.ui.internal.Workbench.createAndRunWorkbench(Workbench.java:550)
	at org.eclipse.ui.PlatformUI.createAndRunWorkbench(PlatformUI.java:171)
	at org.jkiss.dbeaver.ui.app.standalone.DBeaverApplication.start(DBeaverApplication.java:284)
	at org.eclipse.equinox.internal.app.EclipseAppHandle.run(EclipseAppHandle.java:203)
	at org.eclipse.core.runtime.internal.adaptor.EclipseAppLauncher.runApplication(EclipseAppLauncher.java:136)
	at org.eclipse.core.runtime.internal.adaptor.EclipseAppLauncher.start(EclipseAppLauncher.java:104)
	at org.eclipse.core.runtime.adaptor.EclipseStarter.run(EclipseStarter.java:402)
	at org.eclipse.core.runtime.adaptor.EclipseStarter.run(EclipseStarter.java:255)
	at java.base/jdk.internal.reflect.NativeMethodAccessorImpl.invoke0(Native Method)
	at java.base/jdk.internal.reflect.NativeMethodAccessorImpl.invoke(Unknown Source)
	at java.base/jdk.internal.reflect.DelegatingMethodAccessorImpl.invoke(Unknown Source)
	at java.base/java.lang.reflect.Method.invoke(Unknown Source)
	at org.eclipse.equinox.launcher.Main.invokeFramework(Main.java:659)
	at org.eclipse.equinox.launcher.Main.basicRun(Main.java:596)
	at org.eclipse.equinox.launcher.Main.run(Main.java:1467)
Caused by: java.io.IOException: CreateProcess error=2, Le fichier spécifié est introuvable
	at java.base/java.lang.ProcessImpl.create(Native Method)
	at java.base/java.lang.ProcessImpl.<init>(Unknown Source)
	at java.base/java.lang.ProcessImpl.start(Unknown Source)
	... 85 more
2023-07-25 16:33:28.621 - Open [https://repo1.maven.org/maven2/mysql/mysql-connector-java/8.0.29/mysql-connector-java-8.0.29.pom]
2023-07-25 16:33:28.756 - Open [https://repo1.maven.org/maven2/com/google/protobuf/protobuf-java/3.19.4/protobuf-java-3.19.4.pom]
2023-07-25 16:33:28.775 - Open [https://repo1.maven.org/maven2/com/google/protobuf/protobuf-parent/3.19.4/protobuf-parent-3.19.4.pom]
2023-07-25 16:33:28.796 - Open [https://repo1.maven.org/maven2/com/google/protobuf/protobuf-bom/3.19.4/protobuf-bom-3.19.4.pom]
2023-07-25 16:33:39.250 - Can't load driver properties
org.jkiss.dbeaver.DBException: Error creating driver 'MySQL' instance.
Most likely required jar files are missing.
You should configure jars in driver settings.

Reason: can't load driver class 'com.mysql.cj.jdbc.Driver'
	at org.jkiss.dbeaver.registry.driver.DriverDescriptor.loadDriver(DriverDescriptor.java:1231)
	at org.jkiss.dbeaver.registry.driver.DriverDescriptor.loadDriver(DriverDescriptor.java:1162)
	at org.jkiss.dbeaver.registry.driver.DriverDescriptor.getDriverInstance(DriverDescriptor.java:710)
	at org.jkiss.dbeaver.model.impl.jdbc.JDBCDataSourceProvider.getConnectionProperties(JDBCDataSourceProvider.java:63)
	at org.jkiss.dbeaver.ui.dialogs.connection.ConnectionPropertiesControl.loadDriverProperties(ConnectionPropertiesControl.java:164)
	at org.jkiss.dbeaver.ui.dialogs.connection.ConnectionPropertiesControl.makeProperties(ConnectionPropertiesControl.java:85)
	at org.jkiss.dbeaver.ui.dialogs.connection.DriverPropertiesDialogPage.lambda$0(DriverPropertiesDialogPage.java:89)
	at org.jkiss.dbeaver.runtime.RunnableContextDelegate.lambda$0(RunnableContextDelegate.java:39)
	at org.eclipse.jface.operation.ModalContext$ModalContextThread.run(ModalContext.java:122)
Caused by: java.lang.ClassNotFoundException: com.mysql.cj.jdbc.Driver
	at java.base/java.net.URLClassLoader.findClass(Unknown Source)
	at java.base/java.lang.ClassLoader.loadClass(Unknown Source)
	at java.base/java.lang.ClassLoader.loadClass(Unknown Source)
	at java.base/java.lang.Class.forName0(Native Method)
	at java.base/java.lang.Class.forName(Unknown Source)
	at org.jkiss.dbeaver.registry.driver.DriverDescriptor.loadDriver(DriverDescriptor.java:1229)
	... 8 more
2023-07-25 16:43:57.731 - Service 'org.jkiss.dbeaver.runtime.ui.UIServiceSecurity' not found
2023-07-25 16:45:09.364 - Can't load driver properties
org.jkiss.dbeaver.DBException: Error creating driver 'MySQL' instance.
Most likely required jar files are missing.
You should configure jars in driver settings.

Reason: can't load driver class 'com.mysql.cj.jdbc.Driver'
	at org.jkiss.dbeaver.registry.driver.DriverDescriptor.loadDriver(DriverDescriptor.java:1231)
	at org.jkiss.dbeaver.registry.driver.DriverDescriptor.loadDriver(DriverDescriptor.java:1162)
	at org.jkiss.dbeaver.registry.driver.DriverDescriptor.getDriverInstance(DriverDescriptor.java:710)
	at org.jkiss.dbeaver.model.impl.jdbc.JDBCDataSourceProvider.getConnectionProperties(JDBCDataSourceProvider.java:63)
	at org.jkiss.dbeaver.ui.dialogs.connection.ConnectionPropertiesControl.loadDriverProperties(ConnectionPropertiesControl.java:164)
	at org.jkiss.dbeaver.ui.dialogs.connection.ConnectionPropertiesControl.makeProperties(ConnectionPropertiesControl.java:85)
	at org.jkiss.dbeaver.ui.dialogs.connection.DriverPropertiesDialogPage.lambda$0(DriverPropertiesDialogPage.java:89)
	at org.jkiss.dbeaver.runtime.RunnableContextDelegate.lambda$0(RunnableContextDelegate.java:39)
	at org.eclipse.jface.operation.ModalContext$ModalContextThread.run(ModalContext.java:122)
Caused by: java.lang.ClassNotFoundException: com.mysql.cj.jdbc.Driver
	at java.base/java.net.URLClassLoader.findClass(Unknown Source)
	at java.base/java.lang.ClassLoader.loadClass(Unknown Source)
	at java.base/java.lang.ClassLoader.loadClass(Unknown Source)
	at java.base/java.lang.Class.forName0(Native Method)
	at java.base/java.lang.Class.forName(Unknown Source)
	at org.jkiss.dbeaver.registry.driver.DriverDescriptor.loadDriver(DriverDescriptor.java:1229)
	... 8 more
2023-07-25 16:47:38.469 - Connect with 'jdbc:mysql://localhost:3306/Jonathan_data_base' (mysql8-1898d851cc5-320c6bc747bc1037)
2023-07-25 16:47:38.491 - Execution context opened (jdbc:mysql://localhost:3306/Jonathan_data_base; Main; 0)
2023-07-25 16:47:46.438 - Open [https://repo1.maven.org/maven2/mysql/mysql-connector-java/8.0.29/mysql-connector-java-8.0.29.jar]
2023-07-25 16:47:46.866 - Open [https://repo1.maven.org/maven2/com/google/protobuf/protobuf-java/3.19.4/protobuf-java-3.19.4.jar]
2023-07-25 16:47:47.215 - Open [https://www.gnu.org/licenses/old-licenses/lgpl-2.0.txt]
> Start DBeaver GIS Support [org.jkiss.dbeaver.data.gis 1.0.134.202307231901]
2023-07-25 16:47:47.870 - Access denied for user 'jmartinezsusunaga'@'localhost' (using password: YES)
java.sql.SQLException: Access denied for user 'jmartinezsusunaga'@'localhost' (using password: YES)
	at com.mysql.cj.jdbc.exceptions.SQLError.createSQLException(SQLError.java:129)
	at com.mysql.cj.jdbc.exceptions.SQLExceptionsMapping.translateException(SQLExceptionsMapping.java:122)
	at com.mysql.cj.jdbc.ConnectionImpl.createNewIO(ConnectionImpl.java:828)
	at com.mysql.cj.jdbc.ConnectionImpl.<init>(ConnectionImpl.java:448)
	at com.mysql.cj.jdbc.ConnectionImpl.getInstance(ConnectionImpl.java:241)
	at com.mysql.cj.jdbc.NonRegisteringDriver.connect(NonRegisteringDriver.java:198)
	at org.jkiss.dbeaver.model.impl.jdbc.JDBCDataSource.lambda$1(JDBCDataSource.java:242)
	at org.jkiss.dbeaver.model.impl.jdbc.JDBCDataSource.lambda$0(JDBCDataSource.java:255)
	at org.jkiss.dbeaver.model.impl.jdbc.JDBCDataSource.openConnection(JDBCDataSource.java:274)
	at org.jkiss.dbeaver.ext.mysql.model.MySQLDataSource.openConnection(MySQLDataSource.java:454)
	at org.jkiss.dbeaver.model.impl.jdbc.JDBCExecutionContext.connect(JDBCExecutionContext.java:103)
	at org.jkiss.dbeaver.model.impl.jdbc.JDBCRemoteInstance.initializeMainContext(JDBCRemoteInstance.java:102)
	at org.jkiss.dbeaver.model.impl.jdbc.JDBCRemoteInstance.<init>(JDBCRemoteInstance.java:61)
	at org.jkiss.dbeaver.model.impl.jdbc.JDBCDataSource.initializeRemoteInstance(JDBCDataSource.java:129)
	at org.jkiss.dbeaver.model.impl.jdbc.JDBCDataSource.<init>(JDBCDataSource.java:107)
	at org.jkiss.dbeaver.model.impl.jdbc.JDBCDataSource.<init>(JDBCDataSource.java:98)
	at org.jkiss.dbeaver.ext.mysql.model.MySQLDataSource.<init>(MySQLDataSource.java:98)
	at org.jkiss.dbeaver.ext.mysql.model.MySQLDataSource.<init>(MySQLDataSource.java:93)
	at org.jkiss.dbeaver.ext.mysql.MySQLDataSourceProvider.openDataSource(MySQLDataSourceProvider.java:151)
	at org.jkiss.dbeaver.registry.DataSourceDescriptor.openDataSource(DataSourceDescriptor.java:1214)
	at org.jkiss.dbeaver.registry.DataSourceDescriptor.connect(DataSourceDescriptor.java:1080)
	at org.jkiss.dbeaver.runtime.jobs.ConnectJob.run(ConnectJob.java:77)
	at org.jkiss.dbeaver.runtime.jobs.ConnectionTestJob.run(ConnectionTestJob.java:103)
	at org.jkiss.dbeaver.model.runtime.AbstractJob.run(AbstractJob.java:105)
	at org.eclipse.core.internal.jobs.Worker.run(Worker.java:63)
2023-07-25 16:48:00.469 - Connect with 'jdbc:mysql://localhost:3306/Jonathan_data_base' (mysql8-1898d8572bc-122b7d79371f71d8)
2023-07-25 16:48:00.469 - Execution context opened (jdbc:mysql://localhost:3306/Jonathan_data_base; Main; 1)
2023-07-25 16:48:00.536 - Unknown database 'jonathan_data_base'
java.sql.SQLSyntaxErrorException: Unknown database 'jonathan_data_base'
	at com.mysql.cj.jdbc.exceptions.SQLError.createSQLException(SQLError.java:120)
	at com.mysql.cj.jdbc.exceptions.SQLExceptionsMapping.translateException(SQLExceptionsMapping.java:122)
	at com.mysql.cj.jdbc.ConnectionImpl.createNewIO(ConnectionImpl.java:828)
	at com.mysql.cj.jdbc.ConnectionImpl.<init>(ConnectionImpl.java:448)
	at com.mysql.cj.jdbc.ConnectionImpl.getInstance(ConnectionImpl.java:241)
	at com.mysql.cj.jdbc.NonRegisteringDriver.connect(NonRegisteringDriver.java:198)
	at org.jkiss.dbeaver.model.impl.jdbc.JDBCDataSource.lambda$1(JDBCDataSource.java:242)
	at org.jkiss.dbeaver.model.impl.jdbc.JDBCDataSource.lambda$0(JDBCDataSource.java:255)
	at org.jkiss.dbeaver.model.impl.jdbc.JDBCDataSource.openConnection(JDBCDataSource.java:274)
	at org.jkiss.dbeaver.ext.mysql.model.MySQLDataSource.openConnection(MySQLDataSource.java:454)
	at org.jkiss.dbeaver.model.impl.jdbc.JDBCExecutionContext.connect(JDBCExecutionContext.java:103)
	at org.jkiss.dbeaver.model.impl.jdbc.JDBCRemoteInstance.initializeMainContext(JDBCRemoteInstance.java:102)
	at org.jkiss.dbeaver.model.impl.jdbc.JDBCRemoteInstance.<init>(JDBCRemoteInstance.java:61)
	at org.jkiss.dbeaver.model.impl.jdbc.JDBCDataSource.initializeRemoteInstance(JDBCDataSource.java:129)
	at org.jkiss.dbeaver.model.impl.jdbc.JDBCDataSource.<init>(JDBCDataSource.java:107)
	at org.jkiss.dbeaver.model.impl.jdbc.JDBCDataSource.<init>(JDBCDataSource.java:98)
	at org.jkiss.dbeaver.ext.mysql.model.MySQLDataSource.<init>(MySQLDataSource.java:98)
	at org.jkiss.dbeaver.ext.mysql.model.MySQLDataSource.<init>(MySQLDataSource.java:93)
	at org.jkiss.dbeaver.ext.mysql.MySQLDataSourceProvider.openDataSource(MySQLDataSourceProvider.java:151)
	at org.jkiss.dbeaver.registry.DataSourceDescriptor.openDataSource(DataSourceDescriptor.java:1214)
	at org.jkiss.dbeaver.registry.DataSourceDescriptor.connect(DataSourceDescriptor.java:1080)
	at org.jkiss.dbeaver.runtime.jobs.ConnectJob.run(ConnectJob.java:77)
	at org.jkiss.dbeaver.runtime.jobs.ConnectionTestJob.run(ConnectionTestJob.java:103)
	at org.jkiss.dbeaver.model.runtime.AbstractJob.run(AbstractJob.java:105)
	at org.eclipse.core.internal.jobs.Worker.run(Worker.java:63)
2023-07-25 16:48:18.333 - Connect with 'jdbc:mysql://localhost:3306/Jonathan_data_base' (mysql8-1898d85b884-7428c25dfa01cee6)
2023-07-25 16:48:18.334 - Execution context opened (jdbc:mysql://localhost:3306/Jonathan_data_base; Main; 2)
2023-07-25 16:48:18.401 - Access denied for user 'jmartinezsusunaga'@'localhost' (using password: YES)
java.sql.SQLException: Access denied for user 'jmartinezsusunaga'@'localhost' (using password: YES)
	at com.mysql.cj.jdbc.exceptions.SQLError.createSQLException(SQLError.java:129)
	at com.mysql.cj.jdbc.exceptions.SQLExceptionsMapping.translateException(SQLExceptionsMapping.java:122)
	at com.mysql.cj.jdbc.ConnectionImpl.createNewIO(ConnectionImpl.java:828)
	at com.mysql.cj.jdbc.ConnectionImpl.<init>(ConnectionImpl.java:448)
	at com.mysql.cj.jdbc.ConnectionImpl.getInstance(ConnectionImpl.java:241)
	at com.mysql.cj.jdbc.NonRegisteringDriver.connect(NonRegisteringDriver.java:198)
	at org.jkiss.dbeaver.model.impl.jdbc.JDBCDataSource.lambda$1(JDBCDataSource.java:242)
	at org.jkiss.dbeaver.model.impl.jdbc.JDBCDataSource.lambda$0(JDBCDataSource.java:255)
	at org.jkiss.dbeaver.model.impl.jdbc.JDBCDataSource.openConnection(JDBCDataSource.java:274)
	at org.jkiss.dbeaver.ext.mysql.model.MySQLDataSource.openConnection(MySQLDataSource.java:454)
	at org.jkiss.dbeaver.model.impl.jdbc.JDBCExecutionContext.connect(JDBCExecutionContext.java:103)
	at org.jkiss.dbeaver.model.impl.jdbc.JDBCRemoteInstance.initializeMainContext(JDBCRemoteInstance.java:102)
	at org.jkiss.dbeaver.model.impl.jdbc.JDBCRemoteInstance.<init>(JDBCRemoteInstance.java:61)
	at org.jkiss.dbeaver.model.impl.jdbc.JDBCDataSource.initializeRemoteInstance(JDBCDataSource.java:129)
	at org.jkiss.dbeaver.model.impl.jdbc.JDBCDataSource.<init>(JDBCDataSource.java:107)
	at org.jkiss.dbeaver.model.impl.jdbc.JDBCDataSource.<init>(JDBCDataSource.java:98)
	at org.jkiss.dbeaver.ext.mysql.model.MySQLDataSource.<init>(MySQLDataSource.java:98)
	at org.jkiss.dbeaver.ext.mysql.model.MySQLDataSource.<init>(MySQLDataSource.java:93)
	at org.jkiss.dbeaver.ext.mysql.MySQLDataSourceProvider.openDataSource(MySQLDataSourceProvider.java:151)
	at org.jkiss.dbeaver.registry.DataSourceDescriptor.openDataSource(DataSourceDescriptor.java:1214)
	at org.jkiss.dbeaver.registry.DataSourceDescriptor.connect(DataSourceDescriptor.java:1080)
	at org.jkiss.dbeaver.runtime.jobs.ConnectJob.run(ConnectJob.java:77)
	at org.jkiss.dbeaver.runtime.jobs.ConnectionTestJob.run(ConnectionTestJob.java:103)
	at org.jkiss.dbeaver.model.runtime.AbstractJob.run(AbstractJob.java:105)
	at org.eclipse.core.internal.jobs.Worker.run(Worker.java:63)
2023-07-25 16:48:34.834 - Connect with 'Jonathan_data_base' (mysql8-1898d81be08-5b9dbe38f64295ca)
2023-07-25 16:48:34.835 - Execution context opened (Jonathan_data_base; Main; 3)
2023-07-25 16:48:34.841 - Access denied for user 'jmartinezsusunaga'@'localhost' (using password: YES)
java.sql.SQLException: Access denied for user 'jmartinezsusunaga'@'localhost' (using password: YES)
	at com.mysql.cj.jdbc.exceptions.SQLError.createSQLException(SQLError.java:129)
	at com.mysql.cj.jdbc.exceptions.SQLExceptionsMapping.translateException(SQLExceptionsMapping.java:122)
	at com.mysql.cj.jdbc.ConnectionImpl.createNewIO(ConnectionImpl.java:828)
	at com.mysql.cj.jdbc.ConnectionImpl.<init>(ConnectionImpl.java:448)
	at com.mysql.cj.jdbc.ConnectionImpl.getInstance(ConnectionImpl.java:241)
	at com.mysql.cj.jdbc.NonRegisteringDriver.connect(NonRegisteringDriver.java:198)
	at org.jkiss.dbeaver.model.impl.jdbc.JDBCDataSource.lambda$1(JDBCDataSource.java:242)
	at org.jkiss.dbeaver.model.impl.jdbc.JDBCDataSource.lambda$0(JDBCDataSource.java:255)
	at org.jkiss.dbeaver.model.impl.jdbc.JDBCDataSource.openConnection(JDBCDataSource.java:274)
	at org.jkiss.dbeaver.ext.mysql.model.MySQLDataSource.openConnection(MySQLDataSource.java:454)
	at org.jkiss.dbeaver.model.impl.jdbc.JDBCExecutionContext.connect(JDBCExecutionContext.java:103)
	at org.jkiss.dbeaver.model.impl.jdbc.JDBCRemoteInstance.initializeMainContext(JDBCRemoteInstance.java:102)
	at org.jkiss.dbeaver.model.impl.jdbc.JDBCRemoteInstance.<init>(JDBCRemoteInstance.java:61)
	at org.jkiss.dbeaver.model.impl.jdbc.JDBCDataSource.initializeRemoteInstance(JDBCDataSource.java:129)
	at org.jkiss.dbeaver.model.impl.jdbc.JDBCDataSource.<init>(JDBCDataSource.java:107)
	at org.jkiss.dbeaver.model.impl.jdbc.JDBCDataSource.<init>(JDBCDataSource.java:98)
	at org.jkiss.dbeaver.ext.mysql.model.MySQLDataSource.<init>(MySQLDataSource.java:98)
	at org.jkiss.dbeaver.ext.mysql.model.MySQLDataSource.<init>(MySQLDataSource.java:93)
	at org.jkiss.dbeaver.ext.mysql.MySQLDataSourceProvider.openDataSource(MySQLDataSourceProvider.java:151)
	at org.jkiss.dbeaver.registry.DataSourceDescriptor.openDataSource(DataSourceDescriptor.java:1214)
	at org.jkiss.dbeaver.registry.DataSourceDescriptor.connect(DataSourceDescriptor.java:1080)
	at org.jkiss.dbeaver.runtime.jobs.ConnectJob.run(ConnectJob.java:77)
	at org.jkiss.dbeaver.runtime.jobs.ConnectJob.runSync(ConnectJob.java:104)
	at org.jkiss.dbeaver.ui.actions.datasource.DataSourceHandler.connectToDataSource(DataSourceHandler.java:115)
	at org.jkiss.dbeaver.ui.actions.datasource.UIServiceConnectionsImpl.initConnection(UIServiceConnectionsImpl.java:87)
	at org.jkiss.dbeaver.model.DBUtils.initDataSource(DBUtils.java:2530)
	at org.jkiss.dbeaver.model.navigator.DBNDataSource.initializeNode(DBNDataSource.java:152)
	at org.jkiss.dbeaver.model.navigator.DBNDatabaseNode.getChildren(DBNDatabaseNode.java:225)
	at org.jkiss.dbeaver.model.navigator.DBNDatabaseNode.getChildren(DBNDatabaseNode.java:1)
	at org.jkiss.dbeaver.model.navigator.DBNUtils.getNodeChildrenFiltered(DBNUtils.java:92)
	at org.jkiss.dbeaver.ui.navigator.database.load.TreeLoadService.evaluate(TreeLoadService.java:49)
	at org.jkiss.dbeaver.ui.navigator.database.load.TreeLoadService.evaluate(TreeLoadService.java:1)
	at org.jkiss.dbeaver.ui.LoadingJob.run(LoadingJob.java:88)
	at org.jkiss.dbeaver.ui.LoadingJob.run(LoadingJob.java:72)
	at org.jkiss.dbeaver.model.runtime.AbstractJob.run(AbstractJob.java:105)
	at org.eclipse.core.internal.jobs.Worker.run(Worker.java:63)
2023-07-25 16:48:52.387 - Service 'org.jkiss.dbeaver.runtime.ui.UIServiceSecurity' not found
2023-07-25 16:51:32.579 - Connect with 'jdbc:mysql://localhost:3306/jonathan_data_base' (mysql8-1898d88af4a-5f35612af782a98c)
2023-07-25 16:51:32.580 - Execution context opened (jdbc:mysql://localhost:3306/jonathan_data_base; Main; 4)
2023-07-25 16:51:32.645 - Unknown database 'jonathan_data_base'
java.sql.SQLSyntaxErrorException: Unknown database 'jonathan_data_base'
	at com.mysql.cj.jdbc.exceptions.SQLError.createSQLException(SQLError.java:120)
	at com.mysql.cj.jdbc.exceptions.SQLExceptionsMapping.translateException(SQLExceptionsMapping.java:122)
	at com.mysql.cj.jdbc.ConnectionImpl.createNewIO(ConnectionImpl.java:828)
	at com.mysql.cj.jdbc.ConnectionImpl.<init>(ConnectionImpl.java:448)
	at com.mysql.cj.jdbc.ConnectionImpl.getInstance(ConnectionImpl.java:241)
	at com.mysql.cj.jdbc.NonRegisteringDriver.connect(NonRegisteringDriver.java:198)
	at org.jkiss.dbeaver.model.impl.jdbc.JDBCDataSource.lambda$1(JDBCDataSource.java:242)
	at org.jkiss.dbeaver.model.impl.jdbc.JDBCDataSource.lambda$0(JDBCDataSource.java:255)
	at org.jkiss.dbeaver.model.impl.jdbc.JDBCDataSource.openConnection(JDBCDataSource.java:274)
	at org.jkiss.dbeaver.ext.mysql.model.MySQLDataSource.openConnection(MySQLDataSource.java:454)
	at org.jkiss.dbeaver.model.impl.jdbc.JDBCExecutionContext.connect(JDBCExecutionContext.java:103)
	at org.jkiss.dbeaver.model.impl.jdbc.JDBCRemoteInstance.initializeMainContext(JDBCRemoteInstance.java:102)
	at org.jkiss.dbeaver.model.impl.jdbc.JDBCRemoteInstance.<init>(JDBCRemoteInstance.java:61)
	at org.jkiss.dbeaver.model.impl.jdbc.JDBCDataSource.initializeRemoteInstance(JDBCDataSource.java:129)
	at org.jkiss.dbeaver.model.impl.jdbc.JDBCDataSource.<init>(JDBCDataSource.java:107)
	at org.jkiss.dbeaver.model.impl.jdbc.JDBCDataSource.<init>(JDBCDataSource.java:98)
	at org.jkiss.dbeaver.ext.mysql.model.MySQLDataSource.<init>(MySQLDataSource.java:98)
	at org.jkiss.dbeaver.ext.mysql.model.MySQLDataSource.<init>(MySQLDataSource.java:93)
	at org.jkiss.dbeaver.ext.mysql.MySQLDataSourceProvider.openDataSource(MySQLDataSourceProvider.java:151)
	at org.jkiss.dbeaver.registry.DataSourceDescriptor.openDataSource(DataSourceDescriptor.java:1214)
	at org.jkiss.dbeaver.registry.DataSourceDescriptor.connect(DataSourceDescriptor.java:1080)
	at org.jkiss.dbeaver.runtime.jobs.ConnectJob.run(ConnectJob.java:77)
	at org.jkiss.dbeaver.runtime.jobs.ConnectionTestJob.run(ConnectionTestJob.java:103)
	at org.jkiss.dbeaver.model.runtime.AbstractJob.run(AbstractJob.java:105)
	at org.eclipse.core.internal.jobs.Worker.run(Worker.java:63)
2023-07-25 16:53:13.720 - Connect with 'jdbc:mysql://localhost:3306/calendrier_tulutz' (mysql8-1898d8a3a61-2c9e015c1d4c4d83)
2023-07-25 16:53:13.721 - Execution context opened (jdbc:mysql://localhost:3306/calendrier_tulutz; Main; 5)
2023-07-25 16:53:13.824 - Connected (mysql8-1898d8a3a61-2c9e015c1d4c4d83, MySQL Connector/J [mysql-connector-java-8.0.29 (Revision: dd61577595edad45c398af508cf91ad26fc4144f)])
2023-07-25 16:53:13.878 - Execution context closed (jdbc:mysql://localhost:3306/calendrier_tulutz, 5)
2023-07-25 16:53:13.878 - Disconnected (mysql8-1898d8a3a61-2c9e015c1d4c4d83)
2023-07-25 16:54:14.625 - Connect with 'calendrier_tulutz' (mysql8-1898d863d0e-2eb2707c312d4003)
2023-07-25 16:54:14.626 - Execution context opened (calendrier_tulutz; Main; 6)
2023-07-25 16:54:14.631 - Execution context opened (calendrier_tulutz; Metadata; 7)
2023-07-25 16:54:14.653 - Connected (mysql8-1898d863d0e-2eb2707c312d4003, MySQL Connector/J [mysql-connector-java-8.0.29 (Revision: dd61577595edad45c398af508cf91ad26fc4144f)])
> Start DBeaver SQL Terminal [org.jkiss.dbeaver.ui.editors.sql.terminal 1.0.86.202307231901]
> Start Core Compare Support [org.eclipse.compare.core 3.8.0.v20230517-1315]
> Start Console [org.eclipse.ui.console 3.12.0.v20230317-0802]
> Start Debug Core [org.eclipse.debug.core 3.21.0.v20230508-1538]
2023-07-25 16:54:40.240 - Execution context opened (calendrier_tulutz; SQLEditor <Script.sql>; 8)
> Start DBeaver Tasks - Native Tools UI [org.jkiss.dbeaver.tasks.native.ui 1.0.88.202307231901]
> Start DBeaver Tasks - General UI [org.jkiss.dbeaver.tasks.ui 1.0.88.202307231901]
> Start DBeaver SQL Language Semantic Model [org.jkiss.dbeaver.model.lsm 1.0.5.202307231901]
2023-07-25 16:55:01.979 - java.lang.UnsupportedOperationException: Not supported yet.
	at net.sf.jsqlparser.util.TablesNamesFinder.visit(TablesNamesFinder.java:753)
	at net.sf.jsqlparser.statement.ShowColumnsStatement.accept(ShowColumnsStatement.java:39)
	at org.jkiss.dbeaver.model.sql.completion.SQLCompletionAnalyzer.makeProposalsFromObject(SQLCompletionAnalyzer.java:1447)
	at org.jkiss.dbeaver.model.sql.completion.SQLCompletionAnalyzer.makeProposalsFromObject(SQLCompletionAnalyzer.java:1401)
	at org.jkiss.dbeaver.model.sql.completion.SQLCompletionAnalyzer.makeProposalsFromChildren(SQLCompletionAnalyzer.java:1316)
	at org.jkiss.dbeaver.model.sql.completion.SQLCompletionAnalyzer.makeDataSourceProposals(SQLCompletionAnalyzer.java:896)
	at org.jkiss.dbeaver.model.sql.completion.SQLCompletionAnalyzer.runAnalyzer(SQLCompletionAnalyzer.java:317)
	at org.jkiss.dbeaver.model.sql.completion.SQLCompletionAnalyzer.runAnalyzer(SQLCompletionAnalyzer.java:110)
	at org.jkiss.dbeaver.model.sql.completion.SQLCompletionAnalyzer.run(SQLCompletionAnalyzer.java:94)
	at org.jkiss.dbeaver.model.sql.completion.SQLCompletionAnalyzer.run(SQLCompletionAnalyzer.java:1)
	at org.jkiss.dbeaver.model.exec.DBExecUtils.tryExecuteRecover(DBExecUtils.java:189)
	at org.jkiss.dbeaver.ui.editors.sql.syntax.SQLCompletionProcessor$ProposalSearchJob.run(SQLCompletionProcessor.java:334)
	at org.jkiss.dbeaver.model.runtime.AbstractJob.run(AbstractJob.java:105)
	at org.eclipse.core.internal.jobs.Worker.run(Worker.java:63)
2023-07-25 16:55:05.655 - Table 'columns' not found in metadata catalog
2023-07-25 16:55:05.655 - Table 'columns' not found in metadata catalog
2023-07-25 16:55:05.655 - Table 'columns' not found in metadata catalog
2023-07-25 17:05:02.190 - Execution context opened (calendrier_tulutz; SQLEditor <Script.sql>; 9)
2023-07-25 17:11:55.568 - SQL Error [1064] [42000]: You have an error in your SQL syntax; check the manual that corresponds to your MySQL server version for the right syntax to use near '(
add column id_partenaire_ct,
FOREIGN KEY (id_partenaire_ct) REFERENCES info_' at line 1

Error position:
org.jkiss.dbeaver.model.sql.DBSQLException: SQL Error [1064] [42000]: You have an error in your SQL syntax; check the manual that corresponds to your MySQL server version for the right syntax to use near '(
add column id_partenaire_ct,
FOREIGN KEY (id_partenaire_ct) REFERENCES info_' at line 1
	at org.jkiss.dbeaver.model.impl.jdbc.exec.JDBCStatementImpl.executeStatement(JDBCStatementImpl.java:133)
	at org.jkiss.dbeaver.ui.editors.sql.execute.SQLQueryJob.executeStatement(SQLQueryJob.java:582)
	at org.jkiss.dbeaver.ui.editors.sql.execute.SQLQueryJob.lambda$1(SQLQueryJob.java:491)
	at org.jkiss.dbeaver.model.exec.DBExecUtils.tryExecuteRecover(DBExecUtils.java:189)
	at org.jkiss.dbeaver.ui.editors.sql.execute.SQLQueryJob.executeSingleQuery(SQLQueryJob.java:498)
	at org.jkiss.dbeaver.ui.editors.sql.execute.SQLQueryJob.extractData(SQLQueryJob.java:934)
	at org.jkiss.dbeaver.ui.editors.sql.SQLEditor$QueryResultsContainer.readData(SQLEditor.java:3928)
	at org.jkiss.dbeaver.ui.controls.resultset.ResultSetJobDataRead.lambda$0(ResultSetJobDataRead.java:123)
	at org.jkiss.dbeaver.model.exec.DBExecUtils.tryExecuteRecover(DBExecUtils.java:189)
	at org.jkiss.dbeaver.ui.controls.resultset.ResultSetJobDataRead.run(ResultSetJobDataRead.java:121)
	at org.jkiss.dbeaver.ui.controls.resultset.ResultSetViewer$ResultSetDataPumpJob.run(ResultSetViewer.java:5104)
	at org.jkiss.dbeaver.model.runtime.AbstractJob.run(AbstractJob.java:105)
	at org.eclipse.core.internal.jobs.Worker.run(Worker.java:63)
Caused by: java.sql.SQLSyntaxErrorException: You have an error in your SQL syntax; check the manual that corresponds to your MySQL server version for the right syntax to use near '(
add column id_partenaire_ct,
FOREIGN KEY (id_partenaire_ct) REFERENCES info_' at line 1
	at com.mysql.cj.jdbc.exceptions.SQLError.createSQLException(SQLError.java:120)
	at com.mysql.cj.jdbc.exceptions.SQLExceptionsMapping.translateException(SQLExceptionsMapping.java:122)
	at com.mysql.cj.jdbc.StatementImpl.executeInternal(StatementImpl.java:763)
	at com.mysql.cj.jdbc.StatementImpl.execute(StatementImpl.java:648)
	at org.jkiss.dbeaver.model.impl.jdbc.exec.JDBCStatementImpl.execute(JDBCStatementImpl.java:330)
	at org.jkiss.dbeaver.model.impl.jdbc.exec.JDBCStatementImpl.executeStatement(JDBCStatementImpl.java:131)
	... 12 more
2023-07-25 17:12:45.935 - SQL Error [1064] [42000]: You have an error in your SQL syntax; check the manual that corresponds to your MySQL server version for the right syntax to use near '' at line 1
org.jkiss.dbeaver.model.sql.DBSQLException: SQL Error [1064] [42000]: You have an error in your SQL syntax; check the manual that corresponds to your MySQL server version for the right syntax to use near '' at line 1
	at org.jkiss.dbeaver.model.impl.jdbc.exec.JDBCStatementImpl.executeStatement(JDBCStatementImpl.java:133)
	at org.jkiss.dbeaver.ui.editors.sql.execute.SQLQueryJob.executeStatement(SQLQueryJob.java:582)
	at org.jkiss.dbeaver.ui.editors.sql.execute.SQLQueryJob.lambda$1(SQLQueryJob.java:491)
	at org.jkiss.dbeaver.model.exec.DBExecUtils.tryExecuteRecover(DBExecUtils.java:189)
	at org.jkiss.dbeaver.ui.editors.sql.execute.SQLQueryJob.executeSingleQuery(SQLQueryJob.java:498)
	at org.jkiss.dbeaver.ui.editors.sql.execute.SQLQueryJob.extractData(SQLQueryJob.java:934)
	at org.jkiss.dbeaver.ui.editors.sql.SQLEditor$QueryResultsContainer.readData(SQLEditor.java:3928)
	at org.jkiss.dbeaver.ui.controls.resultset.ResultSetJobDataRead.lambda$0(ResultSetJobDataRead.java:123)
	at org.jkiss.dbeaver.model.exec.DBExecUtils.tryExecuteRecover(DBExecUtils.java:189)
	at org.jkiss.dbeaver.ui.controls.resultset.ResultSetJobDataRead.run(ResultSetJobDataRead.java:121)
	at org.jkiss.dbeaver.ui.controls.resultset.ResultSetViewer$ResultSetDataPumpJob.run(ResultSetViewer.java:5104)
	at org.jkiss.dbeaver.model.runtime.AbstractJob.run(AbstractJob.java:105)
	at org.eclipse.core.internal.jobs.Worker.run(Worker.java:63)
Caused by: java.sql.SQLSyntaxErrorException: You have an error in your SQL syntax; check the manual that corresponds to your MySQL server version for the right syntax to use near '' at line 1
	at com.mysql.cj.jdbc.exceptions.SQLError.createSQLException(SQLError.java:120)
	at com.mysql.cj.jdbc.exceptions.SQLExceptionsMapping.translateException(SQLExceptionsMapping.java:122)
	at com.mysql.cj.jdbc.StatementImpl.executeInternal(StatementImpl.java:763)
	at com.mysql.cj.jdbc.StatementImpl.execute(StatementImpl.java:648)
	at org.jkiss.dbeaver.model.impl.jdbc.exec.JDBCStatementImpl.execute(JDBCStatementImpl.java:330)
	at org.jkiss.dbeaver.model.impl.jdbc.exec.JDBCStatementImpl.executeStatement(JDBCStatementImpl.java:131)
	... 12 more
2023-07-26 12:21:30.978 - System suspend detected! Reinitialize all remote connections.
2023-07-26 13:01:28.959 - System suspend detected! Reinitialize all remote connections.
2023-07-26 13:41:47.960 - System suspend detected! Reinitialize all remote connections.
2023-07-26 14:22:08.518 - System suspend detected! Reinitialize all remote connections.
2023-07-26 15:05:27.968 - System suspend detected! Reinitialize all remote connections.
2023-07-26 15:46:11.968 - System suspend detected! Reinitialize all remote connections.
2023-07-26 16:32:59.982 - System suspend detected! Reinitialize all remote connections.
2023-07-26 17:15:59.962 - System suspend detected! Reinitialize all remote connections.
2023-07-27 09:01:03.518 - System suspend detected! Reinitialize all remote connections.
2023-07-27 10:08:38.651 - System suspend detected! Reinitialize all remote connections.
2023-07-27 11:40:54.795 - Execution context closed (calendrier_tulutz, 9)
2023-07-27 11:40:54.857 - Execution context closed (calendrier_tulutz, 8)
2023-07-27 11:41:36.642 - DBeaver is stopping
2023-07-27 11:41:36.643 - Stop instance server
2023-07-27 11:41:37.644 - DBeaver shutdown completed
